<?xml version="1.0" encoding="UTF-8"?>
<!-- Generated by org.testng.reporters.JUnitReportReporter -->
<testsuite hostname="DESKTOP-20USBVS" failures="0" tests="1" name="TestCases.LoginTest" time="1.076" errors="0" timestamp="2025-10-03T03:46:07 IST" skipped="0">
  <testcase classname="TestCases.LoginTest" name="login_test" time="1.076"/>
</testsuite> <!-- TestCases.LoginTest -->
