<?xml version="1.0" encoding="UTF-8"?>
<!-- Generated by org.testng.reporters.JUnitReportReporter -->
<<<<<<< HEAD
<testsuite hostname="DESKTOP-20USBVS" failures="0" tests="1" name="TestCases.LoginTest" time="2.781" errors="0" timestamp="2025-10-03T07:43:14 IST" skipped="0">
  <testcase classname="TestCases.LoginTest" name="login_test" time="2.781"/>
=======
<testsuite hostname="DESKTOP-20USBVS" failures="0" tests="1" name="TestCases.LoginTest" time="0.371" errors="0" timestamp="2025-10-04T00:11:46 IST" skipped="0">
  <testcase classname="TestCases.LoginTest" name="login_test" time="0.371"/>
>>>>>>> feature1
</testsuite> <!-- TestCases.LoginTest -->
